<?xml version="1.0" encoding="UTF-8"?>
<!-- Generated by org.testng.reporters.JUnitXMLReporter -->
<testsuite ignored="0" hostname="S2053L" failures="0" tests="6" name="Test1" time="23.723" errors="0" timestamp="2024-04-10T22:02:24 IST">
  <testcase classname="com.qe.project.testcases.Sign_InTest" name="loginTest" time="10.136"/>
  <testcase classname="com.qe.project.testcases.calendarCategorypage_Test" name="homePageValidationTest" time="7.156"/>
  <testcase classname="com.qe.project.testcases.calendarCategorypage_Test" name="ClickonGiftsHeaderLinkTest" time="3.371"/>
  <testcase classname="com.qe.project.testcases.calendarCategorypage_Test" name="categoryPageTitleValidationTest" time="2.571"/>
  <testcase classname="com.qe.project.testcases.calendarCategorypage_Test" name="categoryPageLablesValidationTest" time="0.318"/>
  <testcase classname="com.qe.project.testcases.calendarCategorypage_Test" name="clickOnpremimumwallcalendarlinkTest" time="0.098"/>
</testsuite> <!-- Test1 -->
