<?xml version="1.0" encoding="UTF-8"?>
<testng-results ignored="0" total="1" passed="1" failed="0" skipped="0">
  <reporter-output>
  </reporter-output>
  <suite started-at="2024-07-20T19:10:07 IST" name="Suite" finished-at="2024-07-20T19:10:46 IST" duration-ms="39229">
    <groups>
    </groups>
    <test started-at="2024-07-20T19:10:07 IST" name="Test" finished-at="2024-07-20T19:10:46 IST" duration-ms="39229">
      <class name="com.qe.project.testcases.Sign_InTest">
        <test-method is-config="true" signature="setUp()[pri:0, instance:com.qe.project.testcases.Sign_InTest@46cdf8bd]" started-at="2024-07-20T19:09:56 IST" name="setUp" finished-at="2024-07-20T19:10:07 IST" duration-ms="10409" status="PASS">
          <reporter-output>
          </reporter-output>
        </test-method> <!-- setUp -->
        <test-method is-config="true" signature="SignIn()[pri:0, instance:com.qe.project.testcases.Sign_InTest@46cdf8bd]" started-at="2024-07-20T19:10:07 IST" name="SignIn" finished-at="2024-07-20T19:10:07 IST" duration-ms="53" status="PASS">
          <reporter-output>
          </reporter-output>
        </test-method> <!-- SignIn -->
        <test-method signature="loginTest()[pri:0, instance:com.qe.project.testcases.Sign_InTest@46cdf8bd]" started-at="2024-07-20T19:10:07 IST" name="loginTest" finished-at="2024-07-20T19:10:46 IST" duration-ms="39126" status="PASS">
          <reporter-output>
          </reporter-output>
        </test-method> <!-- loginTest -->
        <test-method is-config="true" signature="tearDown()[pri:0, instance:com.qe.project.testcases.Sign_InTest@46cdf8bd]" started-at="2024-07-20T19:10:46 IST" name="tearDown" finished-at="2024-07-20T19:10:46 IST" duration-ms="1" status="PASS">
          <reporter-output>
          </reporter-output>
        </test-method> <!-- tearDown -->
      </class> <!-- com.qe.project.testcases.Sign_InTest -->
    </test> <!-- Test -->
  </suite> <!-- Suite -->
</testng-results>
